Started GET "/" for 127.0.0.1 at 2018-07-24 09:58:12 -0400
Processing by ApplicationController#hello as HTML
  Rendering html template
  Rendered html template (0.0ms)
Completed 200 OK in 49ms (Views: 14.7ms | ActiveRecord: 0.0ms)


  [1m[35m (0.9ms)[0m  [1m[34mSELECT sqlite_version(*)[0m
  ↳ bin/rails:9
  [1m[35m (1.7ms)[0m  [1m[35mCREATE TABLE "schema_migrations" ("version" varchar NOT NULL PRIMARY KEY)[0m
  ↳ bin/rails:9
  [1m[35m (2.3ms)[0m  [1m[35mCREATE TABLE "ar_internal_metadata" ("key" varchar NOT NULL PRIMARY KEY, "value" varchar, "created_at" datetime NOT NULL, "updated_at" datetime NOT NULL)[0m
  ↳ bin/rails:9
  [1m[35m (0.3ms)[0m  [1m[34mSELECT "schema_migrations"."version" FROM "schema_migrations" ORDER BY "schema_migrations"."version" ASC[0m
  ↳ bin/rails:9
Migrating to CreateUsers (20180724140707)
  [1m[35m (0.2ms)[0m  [1m[36mbegin transaction[0m
  ↳ bin/rails:9
  [1m[35m (0.5ms)[0m  [1m[35mCREATE TABLE "users" ("id" integer PRIMARY KEY AUTOINCREMENT NOT NULL, "name" varchar, "email" varchar, "created_at" datetime NOT NULL, "updated_at" datetime NOT NULL)[0m
  ↳ db/migrate/20180724140707_create_users.rb:3
  [1m[36mActiveRecord::SchemaMigration Create (0.3ms)[0m  [1m[32mINSERT INTO "schema_migrations" ("version") VALUES (?)[0m  [["version", "20180724140707"]]
  ↳ bin/rails:9
  [1m[35m (2.6ms)[0m  [1m[36mcommit transaction[0m
  ↳ bin/rails:9
  [1m[36mActiveRecord::InternalMetadata Load (0.2ms)[0m  [1m[34mSELECT  "ar_internal_metadata".* FROM "ar_internal_metadata" WHERE "ar_internal_metadata"."key" = ? LIMIT ?[0m  [["key", "environment"], ["LIMIT", 1]]
  ↳ bin/rails:9
  [1m[35m (0.1ms)[0m  [1m[36mbegin transaction[0m
  ↳ bin/rails:9
  [1m[36mActiveRecord::InternalMetadata Create (0.4ms)[0m  [1m[32mINSERT INTO "ar_internal_metadata" ("key", "value", "created_at", "updated_at") VALUES (?, ?, ?, ?)[0m  [["key", "environment"], ["value", "development"], ["created_at", "2018-07-24 14:08:00.265939"], ["updated_at", "2018-07-24 14:08:00.265939"]]
  ↳ bin/rails:9
  [1m[35m (2.1ms)[0m  [1m[36mcommit transaction[0m
  ↳ bin/rails:9
  [1m[35m (0.1ms)[0m  [1m[34mSELECT "schema_migrations"."version" FROM "schema_migrations" ORDER BY "schema_migrations"."version" ASC[0m
  ↳ bin/rails:9
Started GET "/" for 127.0.0.1 at 2018-07-24 10:10:21 -0400
  [1m[35m (0.2ms)[0m  [1m[34mSELECT "schema_migrations"."version" FROM "schema_migrations" ORDER BY "schema_migrations"."version" ASC[0m
  ↳ /Library/Ruby/Gems/2.3.0/gems/activerecord-5.2.0/lib/active_record/log_subscriber.rb:98
Processing by ApplicationController#hello as HTML
  Rendering html template
  Rendered html template (0.1ms)
Completed 200 OK in 31ms (Views: 3.9ms | ActiveRecord: 0.0ms)


Started GET "/" for 127.0.0.1 at 2018-07-24 10:10:26 -0400
Processing by ApplicationController#hello as HTML
  Rendering html template
  Rendered html template (0.0ms)
Completed 200 OK in 1ms (Views: 0.5ms | ActiveRecord: 0.0ms)


Started GET "/users" for 127.0.0.1 at 2018-07-24 10:11:21 -0400
Processing by UsersController#index as HTML
  Rendering users/index.html.erb within layouts/application
  [1m[36mUser Load (0.2ms)[0m  [1m[34mSELECT "users".* FROM "users"[0m
  ↳ app/views/users/index.html.erb:15
  Rendered users/index.html.erb within layouts/application (7.1ms)
Completed 200 OK in 1263ms (Views: 1255.7ms | ActiveRecord: 0.5ms)


Started GET "/users/new" for 127.0.0.1 at 2018-07-24 10:11:28 -0400
Processing by UsersController#new as HTML
  Rendering users/new.html.erb within layouts/application
  Rendered users/_form.html.erb (42.1ms)
  Rendered users/new.html.erb within layouts/application (46.1ms)
Completed 200 OK in 114ms (Views: 91.5ms | ActiveRecord: 1.0ms)


Started GET "/users" for 127.0.0.1 at 2018-07-24 10:18:59 -0400
Processing by UsersController#index as HTML
  Rendering users/index.html.erb within layouts/application
  [1m[36mUser Load (0.2ms)[0m  [1m[34mSELECT "users".* FROM "users"[0m
  ↳ app/views/users/index.html.erb:15
  Rendered users/index.html.erb within layouts/application (2.8ms)
Completed 200 OK in 51ms (Views: 47.5ms | ActiveRecord: 0.2ms)


Started GET "/users/new" for 127.0.0.1 at 2018-07-24 10:19:01 -0400
Processing by UsersController#new as HTML
  Rendering users/new.html.erb within layouts/application
  Rendered users/_form.html.erb (12.0ms)
  Rendered users/new.html.erb within layouts/application (18.2ms)
Completed 200 OK in 61ms (Views: 57.4ms | ActiveRecord: 0.0ms)


Started POST "/users" for 127.0.0.1 at 2018-07-24 10:19:43 -0400
Processing by UsersController#create as HTML
  Parameters: {"utf8"=>"✓", "authenticity_token"=>"gzoQ2iH76M0GPUemjQDx3p33kokNOpY3i+L5UaZWBnngGDSJ/7n4YGrgbMtoJB0y7Z6EihRYIP+bV3AYi0ecRw==", "user"=>{"name"=>"damien", "email"=>"furahadamien30@gmail.com"}, "commit"=>"Create User"}
  [1m[35m (0.1ms)[0m  [1m[36mbegin transaction[0m
  ↳ app/controllers/users_controller.rb:30
  [1m[36mUser Create (0.5ms)[0m  [1m[32mINSERT INTO "users" ("name", "email", "created_at", "updated_at") VALUES (?, ?, ?, ?)[0m  [["name", "damien"], ["email", "furahadamien30@gmail.com"], ["created_at", "2018-07-24 14:19:43.131999"], ["updated_at", "2018-07-24 14:19:43.131999"]]
  ↳ app/controllers/users_controller.rb:30
  [1m[35m (3.1ms)[0m  [1m[36mcommit transaction[0m
  ↳ app/controllers/users_controller.rb:30
Redirected to http://localhost:3000/users/1
Completed 302 Found in 9ms (ActiveRecord: 3.7ms)


Started GET "/users/1" for 127.0.0.1 at 2018-07-24 10:19:43 -0400
Processing by UsersController#show as HTML
  Parameters: {"id"=>"1"}
  [1m[36mUser Load (0.7ms)[0m  [1m[34mSELECT  "users".* FROM "users" WHERE "users"."id" = ? LIMIT ?[0m  [["id", 1], ["LIMIT", 1]]
  ↳ app/controllers/users_controller.rb:67
  Rendering users/show.html.erb within layouts/application
  Rendered users/show.html.erb within layouts/application (1.2ms)
Completed 200 OK in 39ms (Views: 28.3ms | ActiveRecord: 0.7ms)


Started GET "/users/1/edit" for 127.0.0.1 at 2018-07-24 10:20:25 -0400
Processing by UsersController#edit as HTML
  Parameters: {"id"=>"1"}
  [1m[36mUser Load (0.2ms)[0m  [1m[34mSELECT  "users".* FROM "users" WHERE "users"."id" = ? LIMIT ?[0m  [["id", 1], ["LIMIT", 1]]
  ↳ app/controllers/users_controller.rb:67
  Rendering users/edit.html.erb within layouts/application
  Rendered users/_form.html.erb (2.6ms)
  Rendered users/edit.html.erb within layouts/application (7.1ms)
Completed 200 OK in 45ms (Views: 38.4ms | ActiveRecord: 0.2ms)


Started PATCH "/users/1" for 127.0.0.1 at 2018-07-24 10:20:27 -0400
Processing by UsersController#update as HTML
  Parameters: {"utf8"=>"✓", "authenticity_token"=>"M6PQoel3nKq148J0gaLoQRIXE7d/4CZZgM+tXvKrstnI0f29RqGdIf17O4kiaEXQ/4WNET/YEmbIVc6Q+3Wuaw==", "user"=>{"name"=>"damien", "email"=>"furahadamien30@gmail.com"}, "commit"=>"Update User", "id"=>"1"}
  [1m[36mUser Load (0.2ms)[0m  [1m[34mSELECT  "users".* FROM "users" WHERE "users"."id" = ? LIMIT ?[0m  [["id", 1], ["LIMIT", 1]]
  ↳ app/controllers/users_controller.rb:67
  [1m[35m (0.1ms)[0m  [1m[36mbegin transaction[0m
  ↳ app/controllers/users_controller.rb:44
  [1m[35m (0.1ms)[0m  [1m[36mcommit transaction[0m
  ↳ app/controllers/users_controller.rb:44
Redirected to http://localhost:3000/users/1
Completed 302 Found in 5ms (ActiveRecord: 0.3ms)


Started GET "/users/1" for 127.0.0.1 at 2018-07-24 10:20:27 -0400
Processing by UsersController#show as HTML
  Parameters: {"id"=>"1"}
  [1m[36mUser Load (0.2ms)[0m  [1m[34mSELECT  "users".* FROM "users" WHERE "users"."id" = ? LIMIT ?[0m  [["id", 1], ["LIMIT", 1]]
  ↳ app/controllers/users_controller.rb:67
  Rendering users/show.html.erb within layouts/application
  Rendered users/show.html.erb within layouts/application (0.9ms)
Completed 200 OK in 34ms (Views: 27.4ms | ActiveRecord: 0.2ms)


Started GET "/users/1/edit" for 127.0.0.1 at 2018-07-24 10:20:29 -0400
Processing by UsersController#edit as HTML
  Parameters: {"id"=>"1"}
  [1m[36mUser Load (0.4ms)[0m  [1m[34mSELECT  "users".* FROM "users" WHERE "users"."id" = ? LIMIT ?[0m  [["id", 1], ["LIMIT", 1]]
  ↳ app/controllers/users_controller.rb:67
  Rendering users/edit.html.erb within layouts/application
  Rendered users/_form.html.erb (3.1ms)
  Rendered users/edit.html.erb within layouts/application (6.6ms)
Completed 200 OK in 47ms (Views: 40.0ms | ActiveRecord: 0.4ms)


Started GET "/users/1" for 127.0.0.1 at 2018-07-24 10:20:29 -0400
Processing by UsersController#show as HTML
  Parameters: {"id"=>"1"}
  [1m[36mUser Load (0.3ms)[0m  [1m[34mSELECT  "users".* FROM "users" WHERE "users"."id" = ? LIMIT ?[0m  [["id", 1], ["LIMIT", 1]]
  ↳ app/controllers/users_controller.rb:67
  Rendering users/show.html.erb within layouts/application
  Rendered users/show.html.erb within layouts/application (1.8ms)
Completed 200 OK in 49ms (Views: 43.6ms | ActiveRecord: 0.3ms)


Started GET "/users" for 127.0.0.1 at 2018-07-24 10:21:55 -0400
Processing by UsersController#index as HTML
  Rendering users/index.html.erb within layouts/application
  [1m[36mUser Load (0.2ms)[0m  [1m[34mSELECT "users".* FROM "users"[0m
  ↳ app/views/users/index.html.erb:15
  Rendered users/index.html.erb within layouts/application (3.5ms)
Completed 200 OK in 38ms (Views: 33.8ms | ActiveRecord: 0.2ms)


Started GET "/users/new" for 127.0.0.1 at 2018-07-24 10:21:57 -0400
Processing by UsersController#new as HTML
  Rendering users/new.html.erb within layouts/application
  Rendered users/_form.html.erb (2.6ms)
  Rendered users/new.html.erb within layouts/application (8.7ms)
Completed 200 OK in 45ms (Views: 40.5ms | ActiveRecord: 0.0ms)


Started POST "/users" for 127.0.0.1 at 2018-07-24 10:22:13 -0400
Processing by UsersController#create as HTML
  Parameters: {"utf8"=>"✓", "authenticity_token"=>"9rIajjBgE/cJtDSEpgJd97kfNNco9bBkJ3UUYynCcbyVkD7d7iIDWmVpH+lDJrEbyXYi1DGXBqw3wJ0qBNPrgg==", "user"=>{"name"=>"furaha", "email"=>"furaha.damien@mail.mcgill.ca"}, "commit"=>"Create User"}
  [1m[35m (0.1ms)[0m  [1m[36mbegin transaction[0m
  ↳ app/controllers/users_controller.rb:30
  [1m[36mUser Create (0.6ms)[0m  [1m[32mINSERT INTO "users" ("name", "email", "created_at", "updated_at") VALUES (?, ?, ?, ?)[0m  [["name", "furaha"], ["email", "furaha.damien@mail.mcgill.ca"], ["created_at", "2018-07-24 14:22:13.849387"], ["updated_at", "2018-07-24 14:22:13.849387"]]
  ↳ app/controllers/users_controller.rb:30
  [1m[35m (2.1ms)[0m  [1m[36mcommit transaction[0m
  ↳ app/controllers/users_controller.rb:30
Redirected to http://localhost:3000/users/2
Completed 302 Found in 9ms (ActiveRecord: 2.8ms)


Started GET "/users/2" for 127.0.0.1 at 2018-07-24 10:22:13 -0400
Processing by UsersController#show as HTML
  Parameters: {"id"=>"2"}
  [1m[36mUser Load (0.2ms)[0m  [1m[34mSELECT  "users".* FROM "users" WHERE "users"."id" = ? LIMIT ?[0m  [["id", 2], ["LIMIT", 1]]
  ↳ app/controllers/users_controller.rb:67
  Rendering users/show.html.erb within layouts/application
  Rendered users/show.html.erb within layouts/application (0.8ms)
Completed 200 OK in 28ms (Views: 24.3ms | ActiveRecord: 0.2ms)


Started GET "/users" for 127.0.0.1 at 2018-07-24 10:22:18 -0400
Processing by UsersController#index as HTML
  Rendering users/index.html.erb within layouts/application
  [1m[36mUser Load (0.4ms)[0m  [1m[34mSELECT "users".* FROM "users"[0m
  ↳ app/views/users/index.html.erb:15
  Rendered users/index.html.erb within layouts/application (3.5ms)
Completed 200 OK in 42ms (Views: 38.5ms | ActiveRecord: 0.4ms)


Started DELETE "/users/2" for 127.0.0.1 at 2018-07-24 10:23:13 -0400
Processing by UsersController#destroy as HTML
  Parameters: {"authenticity_token"=>"amxJIozadxdj+ArdP/hxpnPns/3PgZzoFfJLlxrvXeh0jqxPiOy1cjk1M7czIldyHGaZuJsDbnNZwqpzvIYNtQ==", "id"=>"2"}
  [1m[36mUser Load (0.2ms)[0m  [1m[34mSELECT  "users".* FROM "users" WHERE "users"."id" = ? LIMIT ?[0m  [["id", 2], ["LIMIT", 1]]
  ↳ app/controllers/users_controller.rb:67
  [1m[35m (0.1ms)[0m  [1m[36mbegin transaction[0m
  ↳ app/controllers/users_controller.rb:57
  [1m[36mUser Destroy (0.4ms)[0m  [1m[31mDELETE FROM "users" WHERE "users"."id" = ?[0m  [["id", 2]]
  ↳ app/controllers/users_controller.rb:57
  [1m[35m (2.1ms)[0m  [1m[36mcommit transaction[0m
  ↳ app/controllers/users_controller.rb:57
Redirected to http://localhost:3000/users
Completed 302 Found in 8ms (ActiveRecord: 2.7ms)


Started GET "/users" for 127.0.0.1 at 2018-07-24 10:23:13 -0400
Processing by UsersController#index as HTML
  Rendering users/index.html.erb within layouts/application
  [1m[36mUser Load (0.4ms)[0m  [1m[34mSELECT "users".* FROM "users"[0m
  ↳ app/views/users/index.html.erb:15
  Rendered users/index.html.erb within layouts/application (2.4ms)
Completed 200 OK in 38ms (Views: 31.8ms | ActiveRecord: 0.4ms)


Started GET "/users/new" for 127.0.0.1 at 2018-07-24 10:24:12 -0400
Processing by UsersController#new as HTML
  Rendering users/new.html.erb within layouts/application
  Rendered users/_form.html.erb (3.1ms)
  Rendered users/new.html.erb within layouts/application (6.5ms)
Completed 200 OK in 43ms (Views: 40.0ms | ActiveRecord: 0.0ms)


Started POST "/users" for 127.0.0.1 at 2018-07-24 10:24:27 -0400
Processing by UsersController#create as HTML
  Parameters: {"utf8"=>"✓", "authenticity_token"=>"ajrhyTdQ21CcOB/KbRgvcGFx1nv3/LqrUmpAbdoIaIcJGMWa6RLL/fDlNKeIPMOcERjAeO6eDGNC38kk9xnyuQ==", "user"=>{"name"=>"furaha", "email"=>"furaha.damien@mail.mcgill.ca"}, "commit"=>"Create User"}
  [1m[35m (0.1ms)[0m  [1m[36mbegin transaction[0m
  ↳ app/controllers/users_controller.rb:30
  [1m[36mUser Create (0.6ms)[0m  [1m[32mINSERT INTO "users" ("name", "email", "created_at", "updated_at") VALUES (?, ?, ?, ?)[0m  [["name", "furaha"], ["email", "furaha.damien@mail.mcgill.ca"], ["created_at", "2018-07-24 14:24:27.778390"], ["updated_at", "2018-07-24 14:24:27.778390"]]
  ↳ app/controllers/users_controller.rb:30
  [1m[35m (2.2ms)[0m  [1m[36mcommit transaction[0m
  ↳ app/controllers/users_controller.rb:30
Redirected to http://localhost:3000/users/3
Completed 302 Found in 7ms (ActiveRecord: 2.9ms)


Started GET "/users/3" for 127.0.0.1 at 2018-07-24 10:24:27 -0400
Processing by UsersController#show as HTML
  Parameters: {"id"=>"3"}
  [1m[36mUser Load (0.2ms)[0m  [1m[34mSELECT  "users".* FROM "users" WHERE "users"."id" = ? LIMIT ?[0m  [["id", 3], ["LIMIT", 1]]
  ↳ app/controllers/users_controller.rb:67
  Rendering users/show.html.erb within layouts/application
  Rendered users/show.html.erb within layouts/application (1.5ms)
Completed 200 OK in 32ms (Views: 27.6ms | ActiveRecord: 0.2ms)


Started GET "/users/3" for 127.0.0.1 at 2018-07-24 10:24:57 -0400
Processing by UsersController#show as HTML
  Parameters: {"id"=>"3"}
  [1m[36mUser Load (0.2ms)[0m  [1m[34mSELECT  "users".* FROM "users" WHERE "users"."id" = ? LIMIT ?[0m  [["id", 3], ["LIMIT", 1]]
  ↳ app/controllers/users_controller.rb:67
  Rendering users/show.html.erb within layouts/application
  Rendered users/show.html.erb within layouts/application (0.8ms)
Completed 200 OK in 29ms (Views: 25.3ms | ActiveRecord: 0.2ms)


Started GET "/users" for 127.0.0.1 at 2018-07-24 10:25:33 -0400
Processing by UsersController#index as HTML
  Rendering users/index.html.erb within layouts/application
  [1m[36mUser Load (0.2ms)[0m  [1m[34mSELECT "users".* FROM "users"[0m
  ↳ app/views/users/index.html.erb:15
  Rendered users/index.html.erb within layouts/application (12.2ms)
Completed 200 OK in 46ms (Views: 42.4ms | ActiveRecord: 0.2ms)


Started GET "/users/new" for 127.0.0.1 at 2018-07-24 10:25:35 -0400
Processing by UsersController#new as HTML
  Rendering users/new.html.erb within layouts/application
  Rendered users/_form.html.erb (2.6ms)
  Rendered users/new.html.erb within layouts/application (6.9ms)
Completed 200 OK in 44ms (Views: 39.2ms | ActiveRecord: 0.0ms)


Started POST "/users" for 127.0.0.1 at 2018-07-24 10:25:41 -0400
Processing by UsersController#create as HTML
  Parameters: {"utf8"=>"✓", "authenticity_token"=>"VpB2h2+dYmdOYrtdyhrBmV3BPn/E1bt/SH1JGEGAw2Q1slLUsd9yyiK/kDAvPi11LagofN23DbdYyMBRbJFZWg==", "user"=>{"name"=>"damianos", "email"=>""}, "commit"=>"Create User"}
  [1m[35m (0.1ms)[0m  [1m[36mbegin transaction[0m
  ↳ app/controllers/users_controller.rb:30
  [1m[36mUser Create (1.9ms)[0m  [1m[32mINSERT INTO "users" ("name", "email", "created_at", "updated_at") VALUES (?, ?, ?, ?)[0m  [["name", "damianos"], ["email", ""], ["created_at", "2018-07-24 14:25:41.665055"], ["updated_at", "2018-07-24 14:25:41.665055"]]
  ↳ app/controllers/users_controller.rb:30
  [1m[35m (2.9ms)[0m  [1m[36mcommit transaction[0m
  ↳ app/controllers/users_controller.rb:30
Redirected to http://localhost:3000/users/4
Completed 302 Found in 9ms (ActiveRecord: 4.8ms)


Started GET "/users/4" for 127.0.0.1 at 2018-07-24 10:25:41 -0400
Processing by UsersController#show as HTML
  Parameters: {"id"=>"4"}
  [1m[36mUser Load (0.2ms)[0m  [1m[34mSELECT  "users".* FROM "users" WHERE "users"."id" = ? LIMIT ?[0m  [["id", 4], ["LIMIT", 1]]
  ↳ app/controllers/users_controller.rb:67
  Rendering users/show.html.erb within layouts/application
  Rendered users/show.html.erb within layouts/application (0.7ms)
Completed 200 OK in 32ms (Views: 25.2ms | ActiveRecord: 0.2ms)


Started GET "/users/4/edit" for 127.0.0.1 at 2018-07-24 10:25:46 -0400
Processing by UsersController#edit as HTML
  Parameters: {"id"=>"4"}
  [1m[36mUser Load (0.5ms)[0m  [1m[34mSELECT  "users".* FROM "users" WHERE "users"."id" = ? LIMIT ?[0m  [["id", 4], ["LIMIT", 1]]
  ↳ app/controllers/users_controller.rb:67
  Rendering users/edit.html.erb within layouts/application
  Rendered users/_form.html.erb (5.3ms)
  Rendered users/edit.html.erb within layouts/application (10.6ms)
Completed 200 OK in 43ms (Views: 38.4ms | ActiveRecord: 0.5ms)


Started PATCH "/users/4" for 127.0.0.1 at 2018-07-24 10:26:01 -0400
Processing by UsersController#update as HTML
  Parameters: {"utf8"=>"✓", "authenticity_token"=>"VooJo+39kCE5oJWodmgOO5YUfaMHN3J4jb09uYERRl6qmW6XEk1vEUbXzML/EIl/7WKr1EVu2BF1KT75vvKsAw==", "user"=>{"name"=>"damianos", "email"=>"@example.com"}, "commit"=>"Update User", "id"=>"4"}
  [1m[36mUser Load (0.2ms)[0m  [1m[34mSELECT  "users".* FROM "users" WHERE "users"."id" = ? LIMIT ?[0m  [["id", 4], ["LIMIT", 1]]
  ↳ app/controllers/users_controller.rb:67
  [1m[35m (0.2ms)[0m  [1m[36mbegin transaction[0m
  ↳ app/controllers/users_controller.rb:44
  [1m[36mUser Update (0.5ms)[0m  [1m[33mUPDATE "users" SET "email" = ?, "updated_at" = ? WHERE "users"."id" = ?[0m  [["email", "@example.com"], ["updated_at", "2018-07-24 14:26:01.787821"], ["id", 4]]
  ↳ app/controllers/users_controller.rb:44
  [1m[35m (1.9ms)[0m  [1m[36mcommit transaction[0m
  ↳ app/controllers/users_controller.rb:44
Redirected to http://localhost:3000/users/4
Completed 302 Found in 10ms (ActiveRecord: 2.9ms)


Started GET "/users/4" for 127.0.0.1 at 2018-07-24 10:26:01 -0400
Processing by UsersController#show as HTML
  Parameters: {"id"=>"4"}
  [1m[36mUser Load (0.3ms)[0m  [1m[34mSELECT  "users".* FROM "users" WHERE "users"."id" = ? LIMIT ?[0m  [["id", 4], ["LIMIT", 1]]
  ↳ app/controllers/users_controller.rb:67
  Rendering users/show.html.erb within layouts/application
  Rendered users/show.html.erb within layouts/application (0.9ms)
Completed 200 OK in 32ms (Views: 27.0ms | ActiveRecord: 0.3ms)


Started GET "/users" for 127.0.0.1 at 2018-07-24 10:26:05 -0400
Processing by UsersController#index as HTML
  Rendering users/index.html.erb within layouts/application
  [1m[36mUser Load (0.5ms)[0m  [1m[34mSELECT "users".* FROM "users"[0m
  ↳ app/views/users/index.html.erb:15
  Rendered users/index.html.erb within layouts/application (4.4ms)
Completed 200 OK in 38ms (Views: 34.3ms | ActiveRecord: 0.5ms)


Started DELETE "/users/4" for 127.0.0.1 at 2018-07-24 10:26:08 -0400
Processing by UsersController#destroy as HTML
  Parameters: {"authenticity_token"=>"RnJnw0toU3uLU2YdREURr8sCg+4LDk+UbJEYpGIKoHVYkIKuT16RHtGeX3dInzd7pIOpq1+MvQ8goflAxGPwKA==", "id"=>"4"}
  [1m[36mUser Load (0.4ms)[0m  [1m[34mSELECT  "users".* FROM "users" WHERE "users"."id" = ? LIMIT ?[0m  [["id", 4], ["LIMIT", 1]]
  ↳ app/controllers/users_controller.rb:67
  [1m[35m (0.1ms)[0m  [1m[36mbegin transaction[0m
  ↳ app/controllers/users_controller.rb:57
  [1m[36mUser Destroy (2.1ms)[0m  [1m[31mDELETE FROM "users" WHERE "users"."id" = ?[0m  [["id", 4]]
  ↳ app/controllers/users_controller.rb:57
  [1m[35m (2.2ms)[0m  [1m[36mcommit transaction[0m
  ↳ app/controllers/users_controller.rb:57
Redirected to http://localhost:3000/users
Completed 302 Found in 11ms (ActiveRecord: 4.7ms)


Started GET "/users" for 127.0.0.1 at 2018-07-24 10:26:08 -0400
Processing by UsersController#index as HTML
  Rendering users/index.html.erb within layouts/application
  [1m[36mUser Load (0.5ms)[0m  [1m[34mSELECT "users".* FROM "users"[0m
  ↳ app/views/users/index.html.erb:15
  Rendered users/index.html.erb within layouts/application (4.5ms)
Completed 200 OK in 32ms (Views: 28.3ms | ActiveRecord: 0.5ms)


Started DELETE "/users/3" for 127.0.0.1 at 2018-07-24 10:26:20 -0400
Processing by UsersController#destroy as HTML
  Parameters: {"authenticity_token"=>"DdAbfVhxQlqm1+f682x0pS445meJOrLdTLKSiPDPfjITMv4QXEeAP/wa3pD/tlJxQbnMIt24QEYAgnNsVqYubw==", "id"=>"3"}
  [1m[36mUser Load (0.3ms)[0m  [1m[34mSELECT  "users".* FROM "users" WHERE "users"."id" = ? LIMIT ?[0m  [["id", 3], ["LIMIT", 1]]
  ↳ app/controllers/users_controller.rb:67
  [1m[35m (0.3ms)[0m  [1m[36mbegin transaction[0m
  ↳ app/controllers/users_controller.rb:57
  [1m[36mUser Destroy (0.8ms)[0m  [1m[31mDELETE FROM "users" WHERE "users"."id" = ?[0m  [["id", 3]]
  ↳ app/controllers/users_controller.rb:57
  [1m[35m (3.5ms)[0m  [1m[36mcommit transaction[0m
  ↳ app/controllers/users_controller.rb:57
Redirected to http://localhost:3000/users
Completed 302 Found in 11ms (ActiveRecord: 4.9ms)


Started GET "/users" for 127.0.0.1 at 2018-07-24 10:26:20 -0400
Processing by UsersController#index as HTML
  Rendering users/index.html.erb within layouts/application
  [1m[36mUser Load (0.3ms)[0m  [1m[34mSELECT "users".* FROM "users"[0m
  ↳ app/views/users/index.html.erb:15
  Rendered users/index.html.erb within layouts/application (3.0ms)
Completed 200 OK in 47ms (Views: 43.0ms | ActiveRecord: 0.3ms)


Started GET "/users" for 127.0.0.1 at 2018-07-24 10:36:50 -0400
Processing by UsersController#index as HTML
  Rendering users/index.html.erb within layouts/application
  [1m[36mUser Load (0.3ms)[0m  [1m[34mSELECT "users".* FROM "users"[0m
  ↳ app/views/users/index.html.erb:15
  Rendered users/index.html.erb within layouts/application (15.7ms)
Completed 200 OK in 57ms (Views: 50.1ms | ActiveRecord: 1.2ms)


Started GET "/users" for 127.0.0.1 at 2018-07-24 10:37:01 -0400
Processing by UsersController#index as HTML
  Rendering users/index.html.erb within layouts/application
  [1m[36mUser Load (0.2ms)[0m  [1m[34mSELECT "users".* FROM "users"[0m
  ↳ app/views/users/index.html.erb:15
  Rendered users/index.html.erb within layouts/application (2.3ms)
Completed 200 OK in 38ms (Views: 34.1ms | ActiveRecord: 0.2ms)


  [1m[35m (0.2ms)[0m  [1m[34mSELECT "schema_migrations"."version" FROM "schema_migrations" ORDER BY "schema_migrations"."version" ASC[0m
  ↳ bin/rails:9
Migrating to CreateMicroposts (20180724150118)
  [1m[35m (0.1ms)[0m  [1m[36mbegin transaction[0m
  ↳ bin/rails:9
  [1m[35m (0.1ms)[0m  [1m[34mSELECT sqlite_version(*)[0m
  ↳ db/migrate/20180724150118_create_microposts.rb:3
  [1m[35m (0.7ms)[0m  [1m[35mCREATE TABLE "microposts" ("id" integer PRIMARY KEY AUTOINCREMENT NOT NULL, "content" text, "user_id" integer, "created_at" datetime NOT NULL, "updated_at" datetime NOT NULL)[0m
  ↳ db/migrate/20180724150118_create_microposts.rb:3
  [1m[36mActiveRecord::SchemaMigration Create (0.2ms)[0m  [1m[32mINSERT INTO "schema_migrations" ("version") VALUES (?)[0m  [["version", "20180724150118"]]
  ↳ bin/rails:9
  [1m[35m (2.4ms)[0m  [1m[36mcommit transaction[0m
  ↳ bin/rails:9
  [1m[36mActiveRecord::InternalMetadata Load (0.2ms)[0m  [1m[34mSELECT  "ar_internal_metadata".* FROM "ar_internal_metadata" WHERE "ar_internal_metadata"."key" = ? LIMIT ?[0m  [["key", "environment"], ["LIMIT", 1]]
  ↳ bin/rails:9
  [1m[35m (0.1ms)[0m  [1m[36mbegin transaction[0m
  ↳ bin/rails:9
  [1m[35m (0.1ms)[0m  [1m[36mcommit transaction[0m
  ↳ bin/rails:9
  [1m[35m (0.1ms)[0m  [1m[34mSELECT "schema_migrations"."version" FROM "schema_migrations" ORDER BY "schema_migrations"."version" ASC[0m
  ↳ bin/rails:9
Started GET "/" for 127.0.0.1 at 2018-07-24 11:05:10 -0400
  [1m[35m (0.2ms)[0m  [1m[34mSELECT "schema_migrations"."version" FROM "schema_migrations" ORDER BY "schema_migrations"."version" ASC[0m
  ↳ /Library/Ruby/Gems/2.3.0/gems/activerecord-5.2.0/lib/active_record/log_subscriber.rb:98
Processing by UsersController#index as HTML
  Rendering users/index.html.erb within layouts/application
  [1m[36mUser Load (0.3ms)[0m  [1m[34mSELECT "users".* FROM "users"[0m
  ↳ app/views/users/index.html.erb:15
  Rendered users/index.html.erb within layouts/application (18.8ms)
Completed 200 OK in 543ms (Views: 503.1ms | ActiveRecord: 1.0ms)


Started GET "/users/new" for 127.0.0.1 at 2018-07-24 11:05:14 -0400
Processing by UsersController#new as HTML
  Rendering users/new.html.erb within layouts/application
  Rendered users/_form.html.erb (26.7ms)
  Rendered users/new.html.erb within layouts/application (33.2ms)
Completed 200 OK in 75ms (Views: 71.1ms | ActiveRecord: 0.0ms)


Started GET "/microposts/new" for 127.0.0.1 at 2018-07-24 11:05:53 -0400
Processing by MicropostsController#new as HTML
  Rendering microposts/new.html.erb within layouts/application
  Rendered microposts/_form.html.erb (9.7ms)
  Rendered microposts/new.html.erb within layouts/application (13.2ms)
Completed 200 OK in 65ms (Views: 51.4ms | ActiveRecord: 0.6ms)


Started POST "/microposts" for 127.0.0.1 at 2018-07-24 11:06:25 -0400
Processing by MicropostsController#create as HTML
  Parameters: {"utf8"=>"✓", "authenticity_token"=>"pK2eEZqZxoQqGfePd0fj4Q813gD96IuVeQq7vkVePTi6T3t8nq8E4XDUzuV7ncU1YLT0RalqeQ41Olpa4zdtZQ==", "micropost"=>{"content"=>"damien is by far the coolest guy in town", "user_id"=>"1"}, "commit"=>"Create Micropost"}
  [1m[35m (0.1ms)[0m  [1m[36mbegin transaction[0m
  ↳ app/controllers/microposts_controller.rb:30
  [1m[36mMicropost Create (1.6ms)[0m  [1m[32mINSERT INTO "microposts" ("content", "user_id", "created_at", "updated_at") VALUES (?, ?, ?, ?)[0m  [["content", "damien is by far the coolest guy in town"], ["user_id", 1], ["created_at", "2018-07-24 15:06:25.490937"], ["updated_at", "2018-07-24 15:06:25.490937"]]
  ↳ app/controllers/microposts_controller.rb:30
  [1m[35m (1.4ms)[0m  [1m[36mcommit transaction[0m
  ↳ app/controllers/microposts_controller.rb:30
Redirected to http://localhost:3000/microposts/1
Completed 302 Found in 9ms (ActiveRecord: 3.0ms)


Started GET "/microposts/1" for 127.0.0.1 at 2018-07-24 11:06:25 -0400
Processing by MicropostsController#show as HTML
  Parameters: {"id"=>"1"}
  [1m[36mMicropost Load (0.2ms)[0m  [1m[34mSELECT  "microposts".* FROM "microposts" WHERE "microposts"."id" = ? LIMIT ?[0m  [["id", 1], ["LIMIT", 1]]
  ↳ app/controllers/microposts_controller.rb:67
  Rendering microposts/show.html.erb within layouts/application
  Rendered microposts/show.html.erb within layouts/application (1.3ms)
Completed 200 OK in 54ms (Views: 39.1ms | ActiveRecord: 0.2ms)


Started GET "/microposts" for 127.0.0.1 at 2018-07-24 11:06:57 -0400
Processing by MicropostsController#index as HTML
  Rendering microposts/index.html.erb within layouts/application
  [1m[36mMicropost Load (0.2ms)[0m  [1m[34mSELECT "microposts".* FROM "microposts"[0m
  ↳ app/views/microposts/index.html.erb:15
  Rendered microposts/index.html.erb within layouts/application (5.6ms)
Completed 200 OK in 72ms (Views: 64.7ms | ActiveRecord: 0.2ms)


Started GET "/microposts/new" for 127.0.0.1 at 2018-07-24 11:06:58 -0400
Processing by MicropostsController#new as HTML
  Rendering microposts/new.html.erb within layouts/application
  Rendered microposts/_form.html.erb (3.8ms)
  Rendered microposts/new.html.erb within layouts/application (8.2ms)
Completed 200 OK in 70ms (Views: 66.0ms | ActiveRecord: 0.0ms)


Started POST "/microposts" for 127.0.0.1 at 2018-07-24 11:08:07 -0400
Processing by MicropostsController#create as HTML
  Parameters: {"utf8"=>"✓", "authenticity_token"=>"HDuJMsHJe/Ldu9U0sNg7rWyXvhtPbEvNdctIWhk93rHsSBs1UXdkXjpPhD94ba0Z54+hNZIzzVTYEmT8crZx+g==", "micropost"=>{"content"=>"Everybody knows damien being  born is probably the best thing that ever happened to the world", "user_id"=>"1"}, "commit"=>"Create Micropost"}
  [1m[35m (0.1ms)[0m  [1m[36mbegin transaction[0m
  ↳ app/controllers/microposts_controller.rb:30
  [1m[36mMicropost Create (0.5ms)[0m  [1m[32mINSERT INTO "microposts" ("content", "user_id", "created_at", "updated_at") VALUES (?, ?, ?, ?)[0m  [["content", "Everybody knows damien being  born is probably the best thing that ever happened to the world"], ["user_id", 1], ["created_at", "2018-07-24 15:08:07.109607"], ["updated_at", "2018-07-24 15:08:07.109607"]]
  ↳ app/controllers/microposts_controller.rb:30
  [1m[35m (2.1ms)[0m  [1m[36mcommit transaction[0m
  ↳ app/controllers/microposts_controller.rb:30
Redirected to http://localhost:3000/microposts/2
Completed 302 Found in 9ms (ActiveRecord: 2.7ms)


Started GET "/microposts/2" for 127.0.0.1 at 2018-07-24 11:08:07 -0400
Processing by MicropostsController#show as HTML
  Parameters: {"id"=>"2"}
  [1m[36mMicropost Load (0.3ms)[0m  [1m[34mSELECT  "microposts".* FROM "microposts" WHERE "microposts"."id" = ? LIMIT ?[0m  [["id", 2], ["LIMIT", 1]]
  ↳ app/controllers/microposts_controller.rb:67
  Rendering microposts/show.html.erb within layouts/application
  Rendered microposts/show.html.erb within layouts/application (0.8ms)
Completed 200 OK in 36ms (Views: 31.5ms | ActiveRecord: 0.3ms)


Started GET "/microposts" for 127.0.0.1 at 2018-07-24 11:08:14 -0400
Processing by MicropostsController#index as HTML
  Rendering microposts/index.html.erb within layouts/application
  [1m[36mMicropost Load (0.3ms)[0m  [1m[34mSELECT "microposts".* FROM "microposts"[0m
  ↳ app/views/microposts/index.html.erb:15
  Rendered microposts/index.html.erb within layouts/application (2.7ms)
Completed 200 OK in 42ms (Views: 37.9ms | ActiveRecord: 0.3ms)


Started GET "/microposts/new" for 127.0.0.1 at 2018-07-24 11:12:55 -0400
Processing by MicropostsController#new as HTML
Completed 500 Internal Server Error in 4ms (ActiveRecord: 0.0ms)


  
SyntaxError (/Users/admin/Desktop/environment/toy_app/app/models/micropost.rb:2: syntax error, unexpected '}', expecting =>):
  
app/models/micropost.rb:2: syntax error, unexpected '}', expecting =>
app/controllers/microposts_controller.rb:17:in `new'
Started GET "/microposts" for 127.0.0.1 at 2018-07-24 11:13:21 -0400
Processing by MicropostsController#index as HTML
  Rendering microposts/index.html.erb within layouts/application
  [1m[36mMicropost Load (0.2ms)[0m  [1m[34mSELECT "microposts".* FROM "microposts"[0m
  ↳ app/views/microposts/index.html.erb:15
  Rendered microposts/index.html.erb within layouts/application (12.6ms)
Completed 200 OK in 49ms (Views: 41.8ms | ActiveRecord: 1.3ms)


Started GET "/microposts/new" for 127.0.0.1 at 2018-07-24 11:13:22 -0400
Processing by MicropostsController#new as HTML
  Rendering microposts/new.html.erb within layouts/application
  Rendered microposts/_form.html.erb (14.5ms)
  Rendered microposts/new.html.erb within layouts/application (18.4ms)
Completed 200 OK in 57ms (Views: 53.1ms | ActiveRecord: 0.0ms)


Started GET "/microposts/new" for 127.0.0.1 at 2018-07-24 11:13:41 -0400
Processing by MicropostsController#new as HTML
Completed 500 Internal Server Error in 2ms (ActiveRecord: 0.0ms)


  
SyntaxError (/Users/admin/Desktop/environment/toy_app/app/models/micropost.rb:2: syntax error, unexpected '}', expecting =>):
  
app/models/micropost.rb:2: syntax error, unexpected '}', expecting =>
app/controllers/microposts_controller.rb:17:in `new'
Started GET "/microposts" for 127.0.0.1 at 2018-07-24 11:14:25 -0400
Processing by MicropostsController#index as HTML
  Rendering microposts/index.html.erb within layouts/application
  [1m[36mMicropost Load (0.3ms)[0m  [1m[34mSELECT "microposts".* FROM "microposts"[0m
  ↳ app/views/microposts/index.html.erb:15
  Rendered microposts/index.html.erb within layouts/application (23.1ms)
Completed 200 OK in 76ms (Views: 66.6ms | ActiveRecord: 1.4ms)


Started GET "/microposts/new" for 127.0.0.1 at 2018-07-24 11:14:27 -0400
Processing by MicropostsController#new as HTML
  Rendering microposts/new.html.erb within layouts/application
  Rendered microposts/_form.html.erb (4.8ms)
  Rendered microposts/new.html.erb within layouts/application (9.9ms)
Completed 200 OK in 65ms (Views: 60.3ms | ActiveRecord: 0.0ms)


Started POST "/microposts" for 127.0.0.1 at 2018-07-24 11:15:16 -0400
Processing by MicropostsController#create as HTML
  Parameters: {"utf8"=>"✓", "authenticity_token"=>"rNskIR235KGcqyj4m7uOPWq3t+VBAWU+PMfJwpqiXVBcqLYmjQn7DXtfefNTDhiJ4a+oy5xe46eRHuVk8SnyGw==", "micropost"=>{"content"=>"efgwkf;a;dv;huytqwhvbdbjvbbkrelgbvdbnasbcabdvhbasbvdbmncxbmnbhwbhehvhbwhbwbVBSDBBHBD;HGUHYREYGUBIVGTJEH T THRWFSHBHVB V  HQEIHAUDHFJKERHALJHLDGFLHVABNBvgweuyrf948351=`54y57ui 4hvgy3efhjqgqblhakjheolhkafhadbvcgha;dkjh.vw;ohjF;UHEWLBHVBN,DSYWEGLHJBDSNMGHRLJAB,DSN,VW;hdjks.nmwrDWG", "user_id"=>"1"}, "commit"=>"Create Micropost"}
  [1m[35m (0.1ms)[0m  [1m[36mbegin transaction[0m
  ↳ app/controllers/microposts_controller.rb:30
  [1m[35m (0.1ms)[0m  [1m[31mrollback transaction[0m
  ↳ app/controllers/microposts_controller.rb:30
  Rendering microposts/new.html.erb within layouts/application
  Rendered microposts/_form.html.erb (5.7ms)
  Rendered microposts/new.html.erb within layouts/application (8.6ms)
Completed 200 OK in 43ms (Views: 39.0ms | ActiveRecord: 0.2ms)


  [1m[36mUser Load (0.3ms)[0m  [1m[34mSELECT  "users".* FROM "users" ORDER BY "users"."id" ASC LIMIT ?[0m  [["LIMIT", 1]]
Started GET "/microposts" for 127.0.0.1 at 2018-07-24 11:26:53 -0400
Processing by MicropostsController#index as HTML
  Rendering microposts/index.html.erb within layouts/application
  [1m[36mMicropost Load (0.2ms)[0m  [1m[34mSELECT "microposts".* FROM "microposts"[0m
  ↳ app/views/microposts/index.html.erb:15
  Rendered microposts/index.html.erb within layouts/application (9.8ms)
Completed 200 OK in 77ms (Views: 58.0ms | ActiveRecord: 0.9ms)


Started GET "/microposts" for 127.0.0.1 at 2018-07-24 11:28:42 -0400
Processing by MicropostsController#index as HTML
  Rendering microposts/index.html.erb within layouts/application
  [1m[36mMicropost Load (0.2ms)[0m  [1m[34mSELECT "microposts".* FROM "microposts"[0m
  ↳ app/views/microposts/index.html.erb:15
  Rendered microposts/index.html.erb within layouts/application (9.6ms)
Completed 200 OK in 56ms (Views: 45.9ms | ActiveRecord: 1.3ms)


Started GET "/microposts/new" for 127.0.0.1 at 2018-07-24 11:28:45 -0400
Processing by MicropostsController#new as HTML
  Rendering microposts/new.html.erb within layouts/application
  Rendered microposts/_form.html.erb (4.4ms)
  Rendered microposts/new.html.erb within layouts/application (10.4ms)
Completed 200 OK in 54ms (Views: 50.9ms | ActiveRecord: 0.0ms)


Started POST "/microposts" for 127.0.0.1 at 2018-07-24 11:29:03 -0400
Processing by MicropostsController#create as HTML
  Parameters: {"utf8"=>"✓", "authenticity_token"=>"l0uc7i6aaL0r6dNMsUxvUjWH0x6SJ/OLECdOCi6bBllnOA7pviR3Ecwdgkd5+fnmvp/MME94dRK9/mKsRRCpEg==", "micropost"=>{"content"=>"", "user_id"=>""}, "commit"=>"Create Micropost"}
  [1m[35m (0.1ms)[0m  [1m[36mbegin transaction[0m
  ↳ app/controllers/microposts_controller.rb:30
  [1m[35m (0.1ms)[0m  [1m[31mrollback transaction[0m
  ↳ app/controllers/microposts_controller.rb:30
  Rendering microposts/new.html.erb within layouts/application
  Rendered microposts/_form.html.erb (3.3ms)
  Rendered microposts/new.html.erb within layouts/application (6.0ms)
Completed 200 OK in 61ms (Views: 36.3ms | ActiveRecord: 0.2ms)


Started GET "/microposts" for 127.0.0.1 at 2018-07-24 11:30:49 -0400
Processing by MicropostsController#index as HTML
  Rendering microposts/index.html.erb within layouts/application
  [1m[36mMicropost Load (0.4ms)[0m  [1m[34mSELECT "microposts".* FROM "microposts"[0m
  ↳ app/views/microposts/index.html.erb:15
  Rendered microposts/index.html.erb within layouts/application (10.0ms)
Completed 200 OK in 49ms (Views: 40.7ms | ActiveRecord: 1.1ms)


Started GET "/microposts/new" for 127.0.0.1 at 2018-07-24 11:30:51 -0400
Processing by MicropostsController#new as HTML
  Rendering microposts/new.html.erb within layouts/application
  Rendered microposts/_form.html.erb (4.7ms)
  Rendered microposts/new.html.erb within layouts/application (8.9ms)
Completed 200 OK in 50ms (Views: 45.4ms | ActiveRecord: 0.0ms)


Started POST "/microposts" for 127.0.0.1 at 2018-07-24 11:30:53 -0400
Processing by MicropostsController#create as HTML
  Parameters: {"utf8"=>"✓", "authenticity_token"=>"11rnitPn1USE/qoNg8m/cjSAC2OudyV1KpGpx84UUVMnKXWNQ1nK6GMK+wZLfCnGv5gUTXMoo+yHSIVhpZ/+GA==", "micropost"=>{"content"=>"", "user_id"=>""}, "commit"=>"Create Micropost"}
  [1m[35m (0.3ms)[0m  [1m[36mbegin transaction[0m
  ↳ app/controllers/microposts_controller.rb:30
  [1m[35m (0.1ms)[0m  [1m[31mrollback transaction[0m
  ↳ app/controllers/microposts_controller.rb:30
  Rendering microposts/new.html.erb within layouts/application
  Rendered microposts/_form.html.erb (3.9ms)
  Rendered microposts/new.html.erb within layouts/application (6.9ms)
Completed 200 OK in 53ms (Views: 43.9ms | ActiveRecord: 0.4ms)


